<?xml version="1.0" encoding="UTF-8"?>
<testng-results ignored="0" total="1" passed="1" failed="0" skipped="0">
  <reporter-output>
  </reporter-output>
  <suite started-at="2023-05-02T13:23:26 IST" name="Demo WebShop Application" finished-at="2023-05-02T13:23:51 IST" duration-ms="25655">
    <groups>
    </groups>
    <test started-at="2023-05-02T13:23:26 IST" name="Test" finished-at="2023-05-02T13:23:51 IST" duration-ms="25655">
      <class name="TestLayer.LoginPageTest">
        <test-method is-config="true" signature="setUp()[pri:0, instance:TestLayer.LoginPageTest@3ee37e5a]" started-at="2023-05-02T13:23:26 IST" name="setUp" finished-at="2023-05-02T13:23:33 IST" duration-ms="6836" status="PASS">
          <reporter-output>
          </reporter-output>
        </test-method> <!-- setUp -->
        <test-method signature="validateLoginFunctionality()[pri:0, instance:TestLayer.LoginPageTest@3ee37e5a]" started-at="2023-05-02T13:23:33 IST" name="validateLoginFunctionality" finished-at="2023-05-02T13:23:51 IST" duration-ms="17489" status="PASS">
          <reporter-output>
          </reporter-output>
        </test-method> <!-- validateLoginFunctionality -->
        <test-method is-config="true" signature="tearDown()[pri:0, instance:TestLayer.LoginPageTest@3ee37e5a]" started-at="2023-05-02T13:23:51 IST" name="tearDown" finished-at="2023-05-02T13:23:51 IST" duration-ms="359" status="PASS">
          <reporter-output>
          </reporter-output>
        </test-method> <!-- tearDown -->
      </class> <!-- TestLayer.LoginPageTest -->
    </test> <!-- Test -->
  </suite> <!-- Demo WebShop Application -->
</testng-results>
